<?xml version="1.0" encoding="UTF-8"?>
<testng-results skipped="0" failed="0" total="1" passed="1">
  <reporter-output>
    <line>
      <![CDATA[Setup method]]>
    </line>
    <line>
      <![CDATA[The_user_is_on_google_search_page ::--> Passed]]>
    </line>
    <line>
      <![CDATA[Setup method]]>
    </line>
    <line>
      <![CDATA[The_user_is_on_google_search_page ::--> Passed]]>
    </line>
    <line>
      <![CDATA[STEP5]]>
    </line>
  </reporter-output>
  <suite name="Default suite" duration-ms="750" started-at="2018-01-13T07:54:15Z" finished-at="2018-01-13T07:54:16Z">
    <groups>
    </groups>
    <test name="Default test" duration-ms="750" started-at="2018-01-13T07:54:15Z" finished-at="2018-01-13T07:54:16Z">
      <class name="com.frmwrk.test.RunTestNGTest">
        <test-method status="PASS" signature="beforeclass()[pri:0, instance:com.frmwrk.test.RunTestNGTest@6385cb26]" name="beforeclass" is-config="true" duration-ms="49" started-at="2018-01-13T13:24:15Z" finished-at="2018-01-13T13:24:15Z">
          <reporter-output>
          </reporter-output>
        </test-method> <!-- beforeclass -->
        <test-method status="PASS" signature="Execute_test(java.lang.String, java.lang.String)[pri:0, instance:com.frmwrk.test.RunTestNGTest@6385cb26]" name="Execute_test" duration-ms="485" started-at="2018-01-13T13:24:15Z" data-provider="dataSheet" finished-at="2018-01-13T13:24:16Z">
          <params>
            <param index="0">
              <value>
                <![CDATA[src/test/resources/features/GoogleSearch.feature]]>
              </value>
            </param>
            <param index="1">
              <value>
                <![CDATA[@Smoke]]>
              </value>
            </param>
          </params>
          <reporter-output>
            <line>
              <![CDATA[Setup method]]>
            </line>
            <line>
              <![CDATA[The_user_is_on_google_search_page ::--> Passed]]>
            </line>
            <line>
              <![CDATA[Setup method]]>
            </line>
            <line>
              <![CDATA[The_user_is_on_google_search_page ::--> Passed]]>
            </line>
            <line>
              <![CDATA[STEP5]]>
            </line>
          </reporter-output>
        </test-method> <!-- Execute_test -->
        <test-method status="PASS" signature="afterclass()[pri:0, instance:com.frmwrk.test.RunTestNGTest@6385cb26]" name="afterclass" is-config="true" duration-ms="0" started-at="2018-01-13T13:24:16Z" finished-at="2018-01-13T13:24:16Z">
          <reporter-output>
          </reporter-output>
        </test-method> <!-- afterclass -->
      </class> <!-- com.frmwrk.test.RunTestNGTest -->
    </test> <!-- Default test -->
  </suite> <!-- Default suite -->
</testng-results>
